Change Component Designator: OldDesignator=R? NewDesignator=R11
Added Component: Designator=M1(PCBComponent_1)
Add component. Clean all parameters for all variants
Added Component: Designator=R12(*RESC3216X90)
Add component. Clean all parameters for all variants
Add component (AddParameter): Name = "Availability"; Value = "Unavailable"; VariantName = "[No Variations]"
Add component (AddParameter): Name = "MF"; Value = "Vishay Dale"; VariantName = "[No Variations]"
Add component (AddParameter): Name = "MP"; Value = "CRCW120635K7FKEA"; VariantName = "[No Variations]"
Add component (AddParameter): Name = "Package"; Value = "1206 Vishay"; VariantName = "[No Variations]"
Add component (AddParameter): Name = "Price"; Value = "None"; VariantName = "[No Variations]"
Add component (AddParameter): Name = "SnapEDA_Link"; Value = "https://www.snapeda.com/parts/CRCW120635K7FKEA/Vishay%20Dale/view-part/?ref=snap"; VariantName = "[No Variations]"
Add component (AddParameter): Name = "Value"; Value = ""; VariantName = "[No Variations]"
Added Component: Designator=R13(*RESC3216X90)
Add component. Clean all parameters for all variants
Add component (AddParameter): Name = "Availability"; Value = "Unavailable"; VariantName = "[No Variations]"
Add component (AddParameter): Name = "MF"; Value = "Vishay Dale"; VariantName = "[No Variations]"
Add component (AddParameter): Name = "MP"; Value = "CRCW120635K7FKEA"; VariantName = "[No Variations]"
Add component (AddParameter): Name = "Package"; Value = "1206 Vishay"; VariantName = "[No Variations]"
Add component (AddParameter): Name = "Price"; Value = "None"; VariantName = "[No Variations]"
Add component (AddParameter): Name = "SnapEDA_Link"; Value = "https://www.snapeda.com/parts/CRCW120635K7FKEA/Vishay%20Dale/view-part/?ref=snap"; VariantName = "[No Variations]"
Add component (AddParameter): Name = "Value"; Value = ""; VariantName = "[No Variations]"
Added Component: Designator=R14(*RESC3216X90)
Add component. Clean all parameters for all variants
Add component (AddParameter): Name = "Availability"; Value = "Unavailable"; VariantName = "[No Variations]"
Add component (AddParameter): Name = "MF"; Value = "Vishay Dale"; VariantName = "[No Variations]"
Add component (AddParameter): Name = "MP"; Value = "CRCW120635K7FKEA"; VariantName = "[No Variations]"
Add component (AddParameter): Name = "Package"; Value = "1206 Vishay"; VariantName = "[No Variations]"
Add component (AddParameter): Name = "Price"; Value = "None"; VariantName = "[No Variations]"
Add component (AddParameter): Name = "SnapEDA_Link"; Value = "https://www.snapeda.com/parts/CRCW120635K7FKEA/Vishay%20Dale/view-part/?ref=snap"; VariantName = "[No Variations]"
Add component (AddParameter): Name = "Value"; Value = ""; VariantName = "[No Variations]"
Added Pin To Net: NetName=NetC4_1 Pin=M1-4
Added Pin To Net: NetName=Net*_1 Pin=R12-1
Added Pin To Net: NetName=Net*_1 Pin=R13-1
Added Pin To Net: NetName=Net*_1 Pin=R14-1
Change Net Name : Old Net Name=NetR?_1 New Net Name=NetR11_1
Change Net Name : Old Net Name=NetR?_2 New Net Name=NetR11_2
Added Pin To Net: NetName=NetM1_1 Pin=M1-1
Added Net: Name=NetM1_1
Added Pin To Net: NetName=NetM1_2 Pin=M1-2
Added Net: Name=NetM1_2
Added Pin To Net: NetName=NetM1_3 Pin=M1-3
Added Pin To Net: NetName=NetM1_3 Pin=R14-2
Added Pin To Net: NetName=NetM1_3 Pin=U?-5
Added Net: Name=NetM1_3
Added Pin To Net: NetName=NetR12_2 Pin=R12-2
Added Pin To Net: NetName=NetR12_2 Pin=U?-3
Added Net: Name=NetR12_2
Added Pin To Net: NetName=NetR13_2 Pin=R13-2
Added Pin To Net: NetName=NetR13_2 Pin=U?-4
Added Net: Name=NetR13_2
Added Member To Class: ClassName=Sheet1 Member=Component M1 8PMolex
Added Member To Class: ClassName=Sheet1 Member=Component R12 CRCW120635K7FKEA
Added Member To Class: ClassName=Sheet1 Member=Component R13 CRCW120635K7FKEA
Added Member To Class: ClassName=Sheet1 Member=Component R14 CRCW120635K7FKEA
