Change Component Description : Designator=330R Old Description=CRCW Series 1206 0.25 W 35.7 kOhm ±1 % ±100 ppm/K SMT Thick Film Chip Resistor New Description=
CRCW Series 1206 0.25 W 35.7 kOhm ±1 % ±100 ppm/K SMT Thick Film Chip Resistor
 
Added Component: Designator=*?(PCBComponent_1)
Add component. Clean all parameters for all variants
Added Component: Designator=*?(PCBComponent_1)
Add component. Clean all parameters for all variants
Added Component: Designator=*?(PCBComponent_1)
Add component. Clean all parameters for all variants
Added Component: Designator=*?(PCBComponent_1)
Add component. Clean all parameters for all variants
Added Component: Designator=*(PCBComponent_1)
Add component. Clean all parameters for all variants
Added Component: Designator=330R(*RESC3216X90)
Add component. Clean all parameters for all variants
Add component (AddParameter): Name = "Availability"; Value = "Unavailable"; VariantName = "[No Variations]"
Add component (AddParameter): Name = "MF"; Value = "Vishay Dale"; VariantName = "[No Variations]"
Add component (AddParameter): Name = "MP"; Value = "CRCW120635K7FKEA"; VariantName = "[No Variations]"
Add component (AddParameter): Name = "Package"; Value = "1206 Vishay"; VariantName = "[No Variations]"
Add component (AddParameter): Name = "Price"; Value = "None"; VariantName = "[No Variations]"
Add component (AddParameter): Name = "SnapEDA_Link"; Value = "https://www.snapeda.com/parts/CRCW120635K7FKEA/Vishay%20Dale/view-part/?ref=snap"; VariantName = "[No Variations]"
Add component (AddParameter): Name = "Value"; Value = ""; VariantName = "[No Variations]"
Added Component: Designator=330R(*RESC3216X90)
Add component. Clean all parameters for all variants
Add component (AddParameter): Name = "Availability"; Value = "Unavailable"; VariantName = "[No Variations]"
Add component (AddParameter): Name = "MF"; Value = "Vishay Dale"; VariantName = "[No Variations]"
Add component (AddParameter): Name = "MP"; Value = "CRCW120635K7FKEA"; VariantName = "[No Variations]"
Add component (AddParameter): Name = "Package"; Value = "1206 Vishay"; VariantName = "[No Variations]"
Add component (AddParameter): Name = "Price"; Value = "None"; VariantName = "[No Variations]"
Add component (AddParameter): Name = "SnapEDA_Link"; Value = "https://www.snapeda.com/parts/CRCW120635K7FKEA/Vishay%20Dale/view-part/?ref=snap"; VariantName = "[No Variations]"
Add component (AddParameter): Name = "Value"; Value = ""; VariantName = "[No Variations]"
Added Component: Designator=330R(*RESC3216X90)
Add component. Clean all parameters for all variants
Add component (AddParameter): Name = "Availability"; Value = "Unavailable"; VariantName = "[No Variations]"
Add component (AddParameter): Name = "MF"; Value = "Vishay Dale"; VariantName = "[No Variations]"
Add component (AddParameter): Name = "MP"; Value = "CRCW120635K7FKEA"; VariantName = "[No Variations]"
Add component (AddParameter): Name = "Package"; Value = "1206 Vishay"; VariantName = "[No Variations]"
Add component (AddParameter): Name = "Price"; Value = "None"; VariantName = "[No Variations]"
Add component (AddParameter): Name = "SnapEDA_Link"; Value = "https://www.snapeda.com/parts/CRCW120635K7FKEA/Vishay%20Dale/view-part/?ref=snap"; VariantName = "[No Variations]"
Add component (AddParameter): Name = "Value"; Value = ""; VariantName = "[No Variations]"
Added Component: Designator=330R(*RESC3216X90)
Add component. Clean all parameters for all variants
Add component (AddParameter): Name = "Availability"; Value = "Unavailable"; VariantName = "[No Variations]"
Add component (AddParameter): Name = "MF"; Value = "Vishay Dale"; VariantName = "[No Variations]"
Add component (AddParameter): Name = "MP"; Value = "CRCW120635K7FKEA"; VariantName = "[No Variations]"
Add component (AddParameter): Name = "Package"; Value = "1206 Vishay"; VariantName = "[No Variations]"
Add component (AddParameter): Name = "Price"; Value = "None"; VariantName = "[No Variations]"
Add component (AddParameter): Name = "SnapEDA_Link"; Value = "https://www.snapeda.com/parts/CRCW120635K7FKEA/Vishay%20Dale/view-part/?ref=snap"; VariantName = "[No Variations]"
Add component (AddParameter): Name = "Value"; Value = ""; VariantName = "[No Variations]"
Added Component: Designator=1700R(*RESC3216X90)
Add component. Clean all parameters for all variants
Add component (AddParameter): Name = "Availability"; Value = "Unavailable"; VariantName = "[No Variations]"
Add component (AddParameter): Name = "MF"; Value = "Vishay Dale"; VariantName = "[No Variations]"
Add component (AddParameter): Name = "MP"; Value = "CRCW120635K7FKEA"; VariantName = "[No Variations]"
Add component (AddParameter): Name = "Package"; Value = "1206 Vishay"; VariantName = "[No Variations]"
Add component (AddParameter): Name = "Price"; Value = "None"; VariantName = "[No Variations]"
Add component (AddParameter): Name = "SnapEDA_Link"; Value = "https://www.snapeda.com/parts/CRCW120635K7FKEA/Vishay%20Dale/view-part/?ref=snap"; VariantName = "[No Variations]"
Add component (AddParameter): Name = "Value"; Value = ""; VariantName = "[No Variations]"
Added Component: Designator=1700R(*RESC3216X90)
Add component. Clean all parameters for all variants
Add component (AddParameter): Name = "Availability"; Value = "Unavailable"; VariantName = "[No Variations]"
Add component (AddParameter): Name = "MF"; Value = "Vishay Dale"; VariantName = "[No Variations]"
Add component (AddParameter): Name = "MP"; Value = "CRCW120635K7FKEA"; VariantName = "[No Variations]"
Add component (AddParameter): Name = "Package"; Value = "1206 Vishay"; VariantName = "[No Variations]"
Add component (AddParameter): Name = "Price"; Value = "None"; VariantName = "[No Variations]"
Add component (AddParameter): Name = "SnapEDA_Link"; Value = "https://www.snapeda.com/parts/CRCW120635K7FKEA/Vishay%20Dale/view-part/?ref=snap"; VariantName = "[No Variations]"
Add component (AddParameter): Name = "Value"; Value = ""; VariantName = "[No Variations]"
Added Component: Designator=1700R(*RESC3216X90)
Add component. Clean all parameters for all variants
Add component (AddParameter): Name = "Availability"; Value = "Unavailable"; VariantName = "[No Variations]"
Add component (AddParameter): Name = "MF"; Value = "Vishay Dale"; VariantName = "[No Variations]"
Add component (AddParameter): Name = "MP"; Value = "CRCW120635K7FKEA"; VariantName = "[No Variations]"
Add component (AddParameter): Name = "Package"; Value = "1206 Vishay"; VariantName = "[No Variations]"
Add component (AddParameter): Name = "Price"; Value = "None"; VariantName = "[No Variations]"
Add component (AddParameter): Name = "SnapEDA_Link"; Value = "https://www.snapeda.com/parts/CRCW120635K7FKEA/Vishay%20Dale/view-part/?ref=snap"; VariantName = "[No Variations]"
Add component (AddParameter): Name = "Value"; Value = ""; VariantName = "[No Variations]"
Added Component: Designator=ButtonMCLR(DTSM32SB)
Add component. Clean all parameters for all variants
Add component (AddParameter): Name = "Datasheet Link"; Value = "https://componentsearchengine.com/Datasheets/2/DTSM-32S-B.pdf"; VariantName = "[No Variations]"
Add component (AddParameter): Name = "Height"; Value = "4mm"; VariantName = "[No Variations]"
Add component (AddParameter): Name = "Manufacturer_Name"; Value = "MULTICOMP"; VariantName = "[No Variations]"
Add component (AddParameter): Name = "Manufacturer_Part_Number"; Value = "DTSM-32S-B"; VariantName = "[No Variations]"
Add component (AddParameter): Name = "Mouser Part Number"; Value = ""; VariantName = "[No Variations]"
Add component (AddParameter): Name = "Mouser Price/Stock"; Value = ""; VariantName = "[No Variations]"
Add component (AddParameter): Name = "RS Part Number"; Value = ""; VariantName = "[No Variations]"
Add component (AddParameter): Name = "RS Price/Stock"; Value = ""; VariantName = "[No Variations]"
Added Component: Designator=IC?(SOT229P700X180-4N)
Add component. Clean all parameters for all variants
Add component (AddParameter): Name = "Datasheet Link"; Value = "http://www.advanced-monolithic.com/pdf/ds1117.pdf"; VariantName = "[No Variations]"
Add component (AddParameter): Name = "Height"; Value = "1.8mm"; VariantName = "[No Variations]"
Add component (AddParameter): Name = "Manufacturer_Name"; Value = "Advanced Monolithic Systems"; VariantName = "[No Variations]"
Add component (AddParameter): Name = "Manufacturer_Part_Number"; Value = "AMS1117-5.0"; VariantName = "[No Variations]"
Add component (AddParameter): Name = "Mouser Part Number"; Value = ""; VariantName = "[No Variations]"
Add component (AddParameter): Name = "Mouser Price/Stock"; Value = ""; VariantName = "[No Variations]"
Add component (AddParameter): Name = "RS Part Number"; Value = ""; VariantName = "[No Variations]"
Add component (AddParameter): Name = "RS Price/Stock"; Value = ""; VariantName = "[No Variations]"
Added Component: Designator=Set Pedal Button(DTSM32SB)
Add component. Clean all parameters for all variants
Add component (AddParameter): Name = "Datasheet Link"; Value = "https://componentsearchengine.com/Datasheets/2/DTSM-32S-B.pdf"; VariantName = "[No Variations]"
Add component (AddParameter): Name = "Height"; Value = "4mm"; VariantName = "[No Variations]"
Add component (AddParameter): Name = "Manufacturer_Name"; Value = "MULTICOMP"; VariantName = "[No Variations]"
Add component (AddParameter): Name = "Manufacturer_Part_Number"; Value = "DTSM-32S-B"; VariantName = "[No Variations]"
Add component (AddParameter): Name = "Mouser Part Number"; Value = ""; VariantName = "[No Variations]"
Add component (AddParameter): Name = "Mouser Price/Stock"; Value = ""; VariantName = "[No Variations]"
Add component (AddParameter): Name = "RS Part Number"; Value = ""; VariantName = "[No Variations]"
Add component (AddParameter): Name = "RS Price/Stock"; Value = ""; VariantName = "[No Variations]"
Added Component: Designator=Start Button(DTSM32SB)
Add component. Clean all parameters for all variants
Add component (AddParameter): Name = "Datasheet Link"; Value = "https://componentsearchengine.com/Datasheets/2/DTSM-32S-B.pdf"; VariantName = "[No Variations]"
Add component (AddParameter): Name = "Height"; Value = "4mm"; VariantName = "[No Variations]"
Add component (AddParameter): Name = "Manufacturer_Name"; Value = "MULTICOMP"; VariantName = "[No Variations]"
Add component (AddParameter): Name = "Manufacturer_Part_Number"; Value = "DTSM-32S-B"; VariantName = "[No Variations]"
Add component (AddParameter): Name = "Mouser Part Number"; Value = ""; VariantName = "[No Variations]"
Add component (AddParameter): Name = "Mouser Price/Stock"; Value = ""; VariantName = "[No Variations]"
Add component (AddParameter): Name = "RS Part Number"; Value = ""; VariantName = "[No Variations]"
Add component (AddParameter): Name = "RS Price/Stock"; Value = ""; VariantName = "[No Variations]"
Added Pin To Net: NetName=Net10uF_1 Pin=IC?-3
Added Net: Name=Net10uF_1
Added Pin To Net: NetName=Net1700R_1 Pin=1700R-1
Added Pin To Net: NetName=Net1700R_1 Pin=Set Pedal Button-2
Added Pin To Net: NetName=Net1700R_1 Pin=U?-22
Added Net: Name=Net1700R_1
Added Pin To Net: NetName=Net*?_1 Pin=*?-1
Added Pin To Net: NetName=Net*?_1 Pin=330R-2
Added Net: Name=Net*?_1
Added Pin To Net: NetName=Net*_1 Pin=*-1
Added Pin To Net: NetName=Net*_1 Pin=*-11
Added Pin To Net: NetName=Net*_1 Pin=*-16
Added Pin To Net: NetName=Net*_1 Pin=ButtonMCLR-1
Added Pin To Net: NetName=Net*_1 Pin=IC?-2
Added Pin To Net: NetName=Net*_1 Pin=Set Pedal Button-1
Added Pin To Net: NetName=Net*_1 Pin=Start Button-1
Added Pin To Net: NetName=Net*_1 Pin=U?-20
Added Net: Name=Net*_1
Added Pin To Net: NetName=Net*_2 Pin=*-2
Added Pin To Net: NetName=Net*_2 Pin=*-2
Added Pin To Net: NetName=Net*_2 Pin=*-7
Added Pin To Net: NetName=Net*_2 Pin=*-8
Added Pin To Net: NetName=Net*_2 Pin=*-9
Added Pin To Net: NetName=Net*_2 Pin=*-10
Added Pin To Net: NetName=Net*_2 Pin=*-14
Added Pin To Net: NetName=Net*_2 Pin=*-15
Added Pin To Net: NetName=Net*_2 Pin=*?-2
Added Pin To Net: NetName=Net*_2 Pin=*?-2
Added Pin To Net: NetName=Net*_2 Pin=*?-2
Added Pin To Net: NetName=Net*_2 Pin=*?-2
Added Pin To Net: NetName=Net*_2 Pin=1700R-2
Added Pin To Net: NetName=Net*_2 Pin=1700R-2
Added Pin To Net: NetName=Net*_2 Pin=1700R-2
Added Pin To Net: NetName=Net*_2 Pin=IC?-1
Added Pin To Net: NetName=Net*_2 Pin=U?-8
Added Pin To Net: NetName=Net*_2 Pin=U?-19
Added Net: Name=Net*_2
Added Pin To Net: NetName=Net*_12 Pin=*-12
Added Net: Name=Net*_12
Added Pin To Net: NetName=Net*_13 Pin=*-13
Added Net: Name=Net*_13
Added Member To Class: ClassName=Sheet1 Member=Component *? LED1206
Added Member To Class: ClassName=Sheet1 Member=Component *? LED1206
Added Member To Class: ClassName=Sheet1 Member=Component *? LED1206
Added Member To Class: ClassName=Sheet1 Member=Component *? LED1206
Added Member To Class: ClassName=Sheet1 Member=Component * Component_1
Added Member To Class: ClassName=Sheet1 Member=Component 330R CRCW120635K7FKEA
Added Member To Class: ClassName=Sheet1 Member=Component 330R CRCW120635K7FKEA
Added Member To Class: ClassName=Sheet1 Member=Component 330R CRCW120635K7FKEA
Added Member To Class: ClassName=Sheet1 Member=Component 330R CRCW120635K7FKEA
Added Member To Class: ClassName=Sheet1 Member=Component 1700R CRCW120635K7FKEA
Added Member To Class: ClassName=Sheet1 Member=Component 1700R CRCW120635K7FKEA
Added Member To Class: ClassName=Sheet1 Member=Component 1700R CRCW120635K7FKEA
Added Member To Class: ClassName=Sheet1 Member=Component ButtonMCLR DTSM-32S-B
Added Member To Class: ClassName=Sheet1 Member=Component IC? AMS1117-5.0
Added Member To Class: ClassName=Sheet1 Member=Component Set Pedal Button DTSM-32S-B
Added Member To Class: ClassName=Sheet1 Member=Component Start Button DTSM-32S-B
