Removed Pin From Net: NetName=NetMCP2561_1 Pin=U1-25
Removed Pin From Net: NetName=NetMCP2561_4 Pin=U1-26
Change Component Comment : Designator=D? Old Comment=Diode New Comment=SMF5.0AT1G
Change Component Comment : Designator=F1 Old Comment=Fuse New Comment=smd Fuse
Change Component Comment : Designator=LED6 Old Comment=ON New Comment=LED1206
Change Component Comment : Designator=LED1 Old Comment=RC0 New Comment=LED1206
Change Component Comment : Designator=LED2 Old Comment=RC1 New Comment=LED1206
Change Component Comment : Designator=LED3 Old Comment=RC2 New Comment=LED1206
Change Component Comment : Designator=LED4 Old Comment=RC3 New Comment=LED1206
Change Component Comment : Designator=LED5 Old Comment=RC4 New Comment=LED1206
Change Component Designator: OldDesignator=MCLR NewDesignator=buttomMCLR
Change Component Designator: OldDesignator=SetPedal NewDesignator=SetPedalButtom
Change Component Description : Designator=C1 Old Description=1206 1 nF 100 V ±10% Tolerance C0G/NP0 SMT Multilayer Ceramic Capacitor New Description=
1206 1 nF 100 V ±10% Tolerance C0G/NP0 SMT Multilayer Ceramic Capacitor

Change Component Description : Designator=C2 Old Description=1206 1 nF 100 V ±10% Tolerance C0G/NP0 SMT Multilayer Ceramic Capacitor New Description=
1206 1 nF 100 V ±10% Tolerance C0G/NP0 SMT Multilayer Ceramic Capacitor

Change Component Description : Designator=C3 Old Description=1206 1 nF 100 V ±10% Tolerance C0G/NP0 SMT Multilayer Ceramic Capacitor New Description=
1206 1 nF 100 V ±10% Tolerance C0G/NP0 SMT Multilayer Ceramic Capacitor

Change Component Description : Designator=C4 Old Description=1206 1 nF 100 V ±10% Tolerance C0G/NP0 SMT Multilayer Ceramic Capacitor New Description=
1206 1 nF 100 V ±10% Tolerance C0G/NP0 SMT Multilayer Ceramic Capacitor

Change Component Description : Designator=C5 Old Description=1206 1 nF 100 V ±10% Tolerance C0G/NP0 SMT Multilayer Ceramic Capacitor New Description=
1206 1 nF 100 V ±10% Tolerance C0G/NP0 SMT Multilayer Ceramic Capacitor

Change Component Description : Designator=R1 Old Description=CRCW Series 1206 0.25 W 35.7 kOhm ±1 % ±100 ppm/K SMT Thick Film Chip Resistor New Description=
CRCW Series 1206 0.25 W 35.7 kOhm ±1 % ±100 ppm/K SMT Thick Film Chip Resistor
 
Change Component Description : Designator=R2 Old Description=CRCW Series 1206 0.25 W 35.7 kOhm ±1 % ±100 ppm/K SMT Thick Film Chip Resistor New Description=
CRCW Series 1206 0.25 W 35.7 kOhm ±1 % ±100 ppm/K SMT Thick Film Chip Resistor
 
Change Component Description : Designator=R3 Old Description=CRCW Series 1206 0.25 W 35.7 kOhm ±1 % ±100 ppm/K SMT Thick Film Chip Resistor New Description=
CRCW Series 1206 0.25 W 35.7 kOhm ±1 % ±100 ppm/K SMT Thick Film Chip Resistor
 
Change Component Description : Designator=R4 Old Description=CRCW Series 1206 0.25 W 35.7 kOhm ±1 % ±100 ppm/K SMT Thick Film Chip Resistor New Description=
CRCW Series 1206 0.25 W 35.7 kOhm ±1 % ±100 ppm/K SMT Thick Film Chip Resistor
 
Change Component Description : Designator=R5 Old Description=CRCW Series 1206 0.25 W 35.7 kOhm ±1 % ±100 ppm/K SMT Thick Film Chip Resistor New Description=
CRCW Series 1206 0.25 W 35.7 kOhm ±1 % ±100 ppm/K SMT Thick Film Chip Resistor
 
Change Component Description : Designator=R6 Old Description=CRCW Series 1206 0.25 W 35.7 kOhm ±1 % ±100 ppm/K SMT Thick Film Chip Resistor New Description=
CRCW Series 1206 0.25 W 35.7 kOhm ±1 % ±100 ppm/K SMT Thick Film Chip Resistor
 
Change Component Description : Designator=R8 Old Description=CRCW Series 1206 0.25 W 35.7 kOhm ±1 % ±100 ppm/K SMT Thick Film Chip Resistor New Description=
CRCW Series 1206 0.25 W 35.7 kOhm ±1 % ±100 ppm/K SMT Thick Film Chip Resistor
 
Change Component Description : Designator=R9 Old Description=CRCW Series 1206 0.25 W 35.7 kOhm ±1 % ±100 ppm/K SMT Thick Film Chip Resistor New Description=
CRCW Series 1206 0.25 W 35.7 kOhm ±1 % ±100 ppm/K SMT Thick Film Chip Resistor
 
Change Component Description : Designator=R10 Old Description=CRCW Series 1206 0.25 W 35.7 kOhm ±1 % ±100 ppm/K SMT Thick Film Chip Resistor New Description=
CRCW Series 1206 0.25 W 35.7 kOhm ±1 % ±100 ppm/K SMT Thick Film Chip Resistor
 
Change Component Description : Designator=R11 Old Description=CRCW Series 1206 0.25 W 35.7 kOhm ±1 % ±100 ppm/K SMT Thick Film Chip Resistor New Description=
CRCW Series 1206 0.25 W 35.7 kOhm ±1 % ±100 ppm/K SMT Thick Film Chip Resistor
 
Change Component Description : Designator=R12 Old Description=CRCW Series 1206 0.25 W 35.7 kOhm ±1 % ±100 ppm/K SMT Thick Film Chip Resistor New Description=
CRCW Series 1206 0.25 W 35.7 kOhm ±1 % ±100 ppm/K SMT Thick Film Chip Resistor
 
Change Component Description : Designator=R13 Old Description=CRCW Series 1206 0.25 W 35.7 kOhm ±1 % ±100 ppm/K SMT Thick Film Chip Resistor New Description=
CRCW Series 1206 0.25 W 35.7 kOhm ±1 % ±100 ppm/K SMT Thick Film Chip Resistor
 
Change Component Description : Designator=R14 Old Description=CRCW Series 1206 0.25 W 35.7 kOhm ±1 % ±100 ppm/K SMT Thick Film Chip Resistor New Description=
CRCW Series 1206 0.25 W 35.7 kOhm ±1 % ±100 ppm/K SMT Thick Film Chip Resistor
 
Change Component Description : Designator=R15 Old Description=CRCW Series 1206 0.25 W 35.7 kOhm ±1 % ±100 ppm/K SMT Thick Film Chip Resistor New Description=
CRCW Series 1206 0.25 W 35.7 kOhm ±1 % ±100 ppm/K SMT Thick Film Chip Resistor
 
Change Component Description : Designator=R16 Old Description=CRCW Series 1206 0.25 W 35.7 kOhm ±1 % ±100 ppm/K SMT Thick Film Chip Resistor New Description=
CRCW Series 1206 0.25 W 35.7 kOhm ±1 % ±100 ppm/K SMT Thick Film Chip Resistor
 
Change Component Description : Designator=R17 Old Description=CRCW Series 1206 0.25 W 35.7 kOhm ±1 % ±100 ppm/K SMT Thick Film Chip Resistor New Description=
CRCW Series 1206 0.25 W 35.7 kOhm ±1 % ±100 ppm/K SMT Thick Film Chip Resistor
 
Added Pin To Net: NetName=NetMCP2561_1 Pin=U1-23
Added Pin To Net: NetName=NetMCP2561_4 Pin=U1-24
Added Member To Class: ClassName=Sheet1 Member=Component LED1 LED1206
Added Member To Class: ClassName=Sheet1 Member=Component LED2 LED1206
Added Member To Class: ClassName=Sheet1 Member=Component LED3 LED1206
