Removed Pin From Net: NetName=NetC4_1 Pin=M1-4
Removed Member From Class: ClassName=Sheet1 Member=M1
Change Component Description : Designator=C1 Old Description=1206 1 nF 100 V ±10% Tolerance C0G/NP0 SMT Multilayer Ceramic Capacitor New Description=
1206 1 nF 100 V ±10% Tolerance C0G/NP0 SMT Multilayer Ceramic Capacitor

Change Component Description : Designator=C2 Old Description=1206 1 nF 100 V ±10% Tolerance C0G/NP0 SMT Multilayer Ceramic Capacitor New Description=
1206 1 nF 100 V ±10% Tolerance C0G/NP0 SMT Multilayer Ceramic Capacitor

Change Component Description : Designator=C3 Old Description=1206 1 nF 100 V ±10% Tolerance C0G/NP0 SMT Multilayer Ceramic Capacitor New Description=
1206 1 nF 100 V ±10% Tolerance C0G/NP0 SMT Multilayer Ceramic Capacitor

Change Component Description : Designator=C4 Old Description=1206 1 nF 100 V ±10% Tolerance C0G/NP0 SMT Multilayer Ceramic Capacitor New Description=
1206 1 nF 100 V ±10% Tolerance C0G/NP0 SMT Multilayer Ceramic Capacitor

Change Component Description : Designator=C5 Old Description=1206 1 nF 100 V ±10% Tolerance C0G/NP0 SMT Multilayer Ceramic Capacitor New Description=
1206 1 nF 100 V ±10% Tolerance C0G/NP0 SMT Multilayer Ceramic Capacitor

Change Component Description : Designator=R1 Old Description=CRCW Series 1206 0.25 W 35.7 kOhm ±1 % ±100 ppm/K SMT Thick Film Chip Resistor New Description=
CRCW Series 1206 0.25 W 35.7 kOhm ±1 % ±100 ppm/K SMT Thick Film Chip Resistor
 
Change Component Description : Designator=R2 Old Description=CRCW Series 1206 0.25 W 35.7 kOhm ±1 % ±100 ppm/K SMT Thick Film Chip Resistor New Description=
CRCW Series 1206 0.25 W 35.7 kOhm ±1 % ±100 ppm/K SMT Thick Film Chip Resistor
 
Change Component Description : Designator=R3 Old Description=CRCW Series 1206 0.25 W 35.7 kOhm ±1 % ±100 ppm/K SMT Thick Film Chip Resistor New Description=
CRCW Series 1206 0.25 W 35.7 kOhm ±1 % ±100 ppm/K SMT Thick Film Chip Resistor
 
Change Component Description : Designator=R4 Old Description=CRCW Series 1206 0.25 W 35.7 kOhm ±1 % ±100 ppm/K SMT Thick Film Chip Resistor New Description=
CRCW Series 1206 0.25 W 35.7 kOhm ±1 % ±100 ppm/K SMT Thick Film Chip Resistor
 
Change Component Description : Designator=R5 Old Description=CRCW Series 1206 0.25 W 35.7 kOhm ±1 % ±100 ppm/K SMT Thick Film Chip Resistor New Description=
CRCW Series 1206 0.25 W 35.7 kOhm ±1 % ±100 ppm/K SMT Thick Film Chip Resistor
 
Change Component Description : Designator=R6 Old Description=CRCW Series 1206 0.25 W 35.7 kOhm ±1 % ±100 ppm/K SMT Thick Film Chip Resistor New Description=
CRCW Series 1206 0.25 W 35.7 kOhm ±1 % ±100 ppm/K SMT Thick Film Chip Resistor
 
Change Component Description : Designator=R8 Old Description=CRCW Series 1206 0.25 W 35.7 kOhm ±1 % ±100 ppm/K SMT Thick Film Chip Resistor New Description=
CRCW Series 1206 0.25 W 35.7 kOhm ±1 % ±100 ppm/K SMT Thick Film Chip Resistor
 
Change Component Description : Designator=R9 Old Description=CRCW Series 1206 0.25 W 35.7 kOhm ±1 % ±100 ppm/K SMT Thick Film Chip Resistor New Description=
CRCW Series 1206 0.25 W 35.7 kOhm ±1 % ±100 ppm/K SMT Thick Film Chip Resistor
 
Change Component Description : Designator=R10 Old Description=CRCW Series 1206 0.25 W 35.7 kOhm ±1 % ±100 ppm/K SMT Thick Film Chip Resistor New Description=
CRCW Series 1206 0.25 W 35.7 kOhm ±1 % ±100 ppm/K SMT Thick Film Chip Resistor
 
Change Component Description : Designator=R11 Old Description=CRCW Series 1206 0.25 W 35.7 kOhm ±1 % ±100 ppm/K SMT Thick Film Chip Resistor New Description=
CRCW Series 1206 0.25 W 35.7 kOhm ±1 % ±100 ppm/K SMT Thick Film Chip Resistor
 
Change Component Description : Designator=R12 Old Description=CRCW Series 1206 0.25 W 35.7 kOhm ±1 % ±100 ppm/K SMT Thick Film Chip Resistor New Description=
CRCW Series 1206 0.25 W 35.7 kOhm ±1 % ±100 ppm/K SMT Thick Film Chip Resistor
 
Change Component Description : Designator=R13 Old Description=CRCW Series 1206 0.25 W 35.7 kOhm ±1 % ±100 ppm/K SMT Thick Film Chip Resistor New Description=
CRCW Series 1206 0.25 W 35.7 kOhm ±1 % ±100 ppm/K SMT Thick Film Chip Resistor
 
Change Component Description : Designator=R14 Old Description=CRCW Series 1206 0.25 W 35.7 kOhm ±1 % ±100 ppm/K SMT Thick Film Chip Resistor New Description=
CRCW Series 1206 0.25 W 35.7 kOhm ±1 % ±100 ppm/K SMT Thick Film Chip Resistor
 
Added Component: Designator=M(PCBComponent_1)
Add component. Clean all parameters for all variants
Added Pin To Net: NetName=Net*_1 Pin=M-1
Added Pin To Net: NetName=Net*_1 Pin=M-2
Added Pin To Net: NetName=Net*_1 Pin=M-3
Added Pin To Net: NetName=Net*_2 Pin=M-7
Added Pin To Net: NetName=Net*_2 Pin=M-8
Added Pin To Net: NetName=Net*_2 Pin=M-9
Change Net Name : Old Net Name=NetC4_1 New Net Name=Net8PM1_4
Added Pin To Net: NetName=Net8PM1_1 Pin=M-6
Added Pin To Net: NetName=Net8PM1_1 Pin=R14-2
Added Pin To Net: NetName=Net8PM1_1 Pin=U?-5
Added Net: Name=Net8PM1_1
Added Net: Name=Net8PM1_2
Added Net: Name=Net8PM1_3
Added Pin To Net: NetName=NetM_4 Pin=M-4
Added Pin To Net: NetName=NetM_4 Pin=R12-2
Added Pin To Net: NetName=NetM_4 Pin=U?-3
Added Net: Name=NetM_4
Added Pin To Net: NetName=NetM_5 Pin=M-5
Added Pin To Net: NetName=NetM_5 Pin=R13-2
Added Pin To Net: NetName=NetM_5 Pin=U?-4
Added Net: Name=NetM_5
Added Member To Class: ClassName=Sheet1 Member=Component M 9PMolex
