Removed Pin From Net: NetName=Net*_2 Pin=GND-3
Removed Member From Class: ClassName=Sheet1 Member=12V_D
Removed Member From Class: ClassName=Sheet1 Member=CANH
Removed Member From Class: ClassName=Sheet1 Member=CANL
Removed Member From Class: ClassName=Sheet1 Member=GND
Change Component Designator: OldDesignator=* NewDesignator=LED1
Change Component Designator: OldDesignator=* NewDesignator=TJA1052i/5Y
Change Component Designator: OldDesignator=*? NewDesignator=LED2
Change Component Designator: OldDesignator=*? NewDesignator=LED3
Change Component Designator: OldDesignator=*? NewDesignator=LED4
Change Component Designator: OldDesignator=*? NewDesignator=LED5
Change Component Designator: OldDesignator=IC? NewDesignator=AMS1
Added Component: Designator=Belden(RSWF-5)
Add component. Clean all parameters for all variants
Add component (AddParameter): Name = "DeviceName"; Value = ""; VariantName = "[No Variations]"
Add component (AddParameter): Name = "DeviceSetName"; Value = "RSWF-5"; VariantName = "[No Variations]"
Add component (AddParameter): Name = "GateName_1"; Value = "G$1"; VariantName = "[No Variations]"
Add component (AddParameter): Name = "LibraryName"; Value = "RSWF-5"; VariantName = "[No Variations]"
Add component (AddParameter): Name = "Package"; Value = "RSWF-5"; VariantName = "[No Variations]"
Add component (AddParameter): Name = "SymbolName_1"; Value = "RSWF-5"; VariantName = "[No Variations]"
Added Component: Designator=C1(*CAPMP3216X166)
Add component. Clean all parameters for all variants
Add component (AddParameter): Name = "Digi-Key_Part_Number"; Value = "478-5168-1-ND"; VariantName = "[No Variations]"
Add component (AddParameter): Name = "Digi-Key_Purchase_URL"; Value = "https://www.digikey.com/product-detail/en/avx-corporation/12061A102KAT2A/478-5168-1-ND/1913258?utm_source=snapeda&utm_medium=aggregator&utm_campaign=symbol"; VariantName = "[No Variations]"
Add component (AddParameter): Name = "MF"; Value = "AVX"; VariantName = "[No Variations]"
Add component (AddParameter): Name = "MP"; Value = "12061A102KAT2A"; VariantName = "[No Variations]"
Add component (AddParameter): Name = "Package"; Value = "1206 AVX"; VariantName = "[No Variations]"
Add component (AddParameter): Name = "SnapEDA_Link"; Value = "https://www.snapeda.com/parts/12061A102KAT2A/AVX/view-part/?ref=snap"; VariantName = "[No Variations]"
Add component (AddParameter): Name = "Value"; Value = ""; VariantName = "[No Variations]"
Added Component: Designator=C2(*CAPMP3216X166)
Add component. Clean all parameters for all variants
Add component (AddParameter): Name = "Digi-Key_Part_Number"; Value = "478-5168-1-ND"; VariantName = "[No Variations]"
Add component (AddParameter): Name = "Digi-Key_Purchase_URL"; Value = "https://www.digikey.com/product-detail/en/avx-corporation/12061A102KAT2A/478-5168-1-ND/1913258?utm_source=snapeda&utm_medium=aggregator&utm_campaign=symbol"; VariantName = "[No Variations]"
Add component (AddParameter): Name = "MF"; Value = "AVX"; VariantName = "[No Variations]"
Add component (AddParameter): Name = "MP"; Value = "12061A102KAT2A"; VariantName = "[No Variations]"
Add component (AddParameter): Name = "Package"; Value = "1206 AVX"; VariantName = "[No Variations]"
Add component (AddParameter): Name = "SnapEDA_Link"; Value = "https://www.snapeda.com/parts/12061A102KAT2A/AVX/view-part/?ref=snap"; VariantName = "[No Variations]"
Add component (AddParameter): Name = "Value"; Value = ""; VariantName = "[No Variations]"
Added Component: Designator=NUP(NUP2105L)
Add component. Clean all parameters for all variants
Add component (AddParameter): Name = "DeviceName"; Value = ""; VariantName = "[No Variations]"
Add component (AddParameter): Name = "DeviceSetName"; Value = "NUP2105L"; VariantName = "[No Variations]"
Add component (AddParameter): Name = "GateName_1"; Value = "G$1"; VariantName = "[No Variations]"
Add component (AddParameter): Name = "LibraryName"; Value = "NUP2105L-"; VariantName = "[No Variations]"
Add component (AddParameter): Name = "Package"; Value = "NUP2105L"; VariantName = "[No Variations]"
Add component (AddParameter): Name = "SymbolName_1"; Value = "NUP2105L"; VariantName = "[No Variations]"
Added Pin To Net: NetName=Net*_2 Pin=Belden-1
Added Pin To Net: NetName=Net*_2 Pin=Belden-3
Added Pin To Net: NetName=Net*_2 Pin=C1-2
Added Pin To Net: NetName=Net*_1 Pin=C2-1
Added Pin To Net: NetName=Net*_2 Pin=C2-2
Added Pin To Net: NetName=Net*_2 Pin=NUP-3
Change Net Name : Old Net Name=Net*?_1 New Net Name=NetLED5_1
Change Net Name : Old Net Name=Net*_1 New Net Name=NetAMS1_2
Change Net Name : Old Net Name=Net*_2 New Net Name=NetAMS1_1
Change Net Name : Old Net Name=Net*_3 New Net Name=NetTJA1052i/5Y_3
Change Net Name : Old Net Name=Net*_5 New Net Name=NetTJA1052i/5Y_5
Added Pin To Net: NetName=NetAMS1_3 Pin=AMS1-3
Added Pin To Net: NetName=NetAMS1_3 Pin=Belden-2
Added Pin To Net: NetName=NetAMS1_3 Pin=C1-1
Added Net: Name=NetAMS1_3
Added Pin To Net: NetName=NetBelden_4 Pin=Belden-4
Added Pin To Net: NetName=NetBelden_4 Pin=NUP-1
Added Pin To Net: NetName=NetBelden_4 Pin=TJA1052i/5Y-13
Added Net: Name=NetBelden_4
Added Pin To Net: NetName=NetBelden_5 Pin=Belden-5
Added Pin To Net: NetName=NetBelden_5 Pin=NUP-2
Added Pin To Net: NetName=NetBelden_5 Pin=TJA1052i/5Y-12
Added Net: Name=NetBelden_5
Added Pin To Net: NetName=NetLED1_1 Pin=LED1-1
Added Pin To Net: NetName=NetLED1_1 Pin=R1-2
Added Net: Name=NetLED1_1
Added Pin To Net: NetName=NetLED2_1 Pin=LED2-1
Added Pin To Net: NetName=NetLED2_1 Pin=R2-2
Added Net: Name=NetLED2_1
Added Pin To Net: NetName=NetLED3_1 Pin=LED3-1
Added Pin To Net: NetName=NetLED3_1 Pin=R3-2
Added Net: Name=NetLED3_1
Added Pin To Net: NetName=NetLED4_1 Pin=LED4-1
Added Pin To Net: NetName=NetLED4_1 Pin=R4-2
Added Net: Name=NetLED4_1
Added Member To Class: ClassName=Sheet1 Member=Component Belden RSWF-5
Added Member To Class: ClassName=Sheet1 Member=Component C1 10uF
Added Member To Class: ClassName=Sheet1 Member=Component C2 
Added Member To Class: ClassName=Sheet1 Member=Component LED1 LED1206
Added Member To Class: ClassName=Sheet1 Member=Component LED2 LED1206
Added Member To Class: ClassName=Sheet1 Member=Component LED3 LED1206
Added Member To Class: ClassName=Sheet1 Member=Component LED4 LED1206
Added Member To Class: ClassName=Sheet1 Member=Component NUP NUP2105L
