Removed Pin From Net: NetName=GND Pin=330n-1
Removed Pin From Net: NetName=GND Pin=7805-?-G
Removed Pin From Net: NetName=+5V Pin=7805-?-O
Removed Pin From Net: NetName=+12V Pin=F1-1
Removed Member From Class: ClassName=Schematicmlx Member=7805-?
Removed Member From Class: ClassName=Schematicmlx Member=D1
Removed Member From Class: ClassName=Schematicmlx Member=F1
Change Component Comment : Designator=100n Old Comment=Cap Semi New Comment=100n
Change Component Comment : Designator=330 Old Comment=Res3 New Comment=330
Change Component Designator: OldDesignator=100n NewDesignator=C2
Change Component Designator: OldDesignator=330 NewDesignator=R3
Change component parameters: Designator = "C2"; Footprint = "C1206"; UniqueID = "\WHIPYALR"
Change component parameters. Clean all parameters for all variants
Change component parameters (AddParameter): Name = "LatestRevisionDate"; Value = "29-May-2009"; VariantName = "[No Variations]"
Change component parameters (AddParameter): Name = "LatestRevisionNote"; Value = "IPC-7351 Footprint Added."; VariantName = "[No Variations]"
Change component parameters (AddParameter): Name = "PackageDescription"; Value = "Chip Capacitor"; VariantName = "[No Variations]"
Change component parameters (AddParameter): Name = "PackageReference"; Value = "C1206"; VariantName = "[No Variations]"
Change component parameters (AddParameter): Name = "Published"; Value = "8-Jun-2000"; VariantName = "[No Variations]"
Change component parameters (AddParameter): Name = "Publisher"; Value = "Altium Limited"; VariantName = "[No Variations]"
Added Member To Class: ClassName=Schematicmlx Member=Component C2 100n
Added Member To Class: ClassName=Schematicmlx Member=Component R3 330
Added Room: Name=Schematicmlx
